Traceback (most recent call last):
  File "C:\Users\kathy\miniconda3\envs\ml\lib\site-packages\jupyter_cache\executors\utils.py", line 58, in single_nb_execution
    executenb(
  File "C:\Users\kathy\miniconda3\envs\ml\lib\site-packages\nbclient\client.py", line 1314, in execute
    return NotebookClient(nb=nb, resources=resources, km=km, **kwargs).execute()
  File "C:\Users\kathy\miniconda3\envs\ml\lib\site-packages\jupyter_core\utils\__init__.py", line 165, in wrapped
    return loop.run_until_complete(inner)
  File "C:\Users\kathy\miniconda3\envs\ml\lib\asyncio\base_events.py", line 647, in run_until_complete
    return future.result()
  File "C:\Users\kathy\miniconda3\envs\ml\lib\site-packages\nbclient\client.py", line 709, in async_execute
    await self.async_execute_cell(
  File "C:\Users\kathy\miniconda3\envs\ml\lib\site-packages\nbclient\client.py", line 1062, in async_execute_cell
    await self._check_raise_for_error(cell, cell_index, exec_reply)
  File "C:\Users\kathy\miniconda3\envs\ml\lib\site-packages\nbclient\client.py", line 918, in _check_raise_for_error
    raise CellExecutionError.from_cell_and_msg(cell, exec_reply_content)
nbclient.exceptions.CellExecutionError: An error occurred while executing the following cell:
------------------
datos_rr = df_price.copy()
datos_rr = datos_rr.drop(columns=['guestroom', 'mainroad', 'basement', 'hotwaterheating', 'airconditioning', 'prefarea','furnishingstatus'])# Eliminar la columnas categóricas
#Mapa de calor
plt.figure(figsize = (10, 10))
sns.heatmap(datos_rr.corr(), annot = True)
------------------


[1;31m---------------------------------------------------------------------------[0m
[1;31mNameError[0m                                 Traceback (most recent call last)
Cell [1;32mIn[6], line 1[0m
[1;32m----> 1[0m datos_rr [38;5;241m=[39m [43mdf_price[49m[38;5;241m.[39mcopy()
[0;32m      2[0m datos_rr [38;5;241m=[39m datos_rr[38;5;241m.[39mdrop(columns[38;5;241m=[39m[[38;5;124m'[39m[38;5;124mguestroom[39m[38;5;124m'[39m, [38;5;124m'[39m[38;5;124mmainroad[39m[38;5;124m'[39m, [38;5;124m'[39m[38;5;124mbasement[39m[38;5;124m'[39m, [38;5;124m'[39m[38;5;124mhotwaterheating[39m[38;5;124m'[39m, [38;5;124m'[39m[38;5;124mairconditioning[39m[38;5;124m'[39m, [38;5;124m'[39m[38;5;124mprefarea[39m[38;5;124m'[39m,[38;5;124m'[39m[38;5;124mfurnishingstatus[39m[38;5;124m'[39m])[38;5;66;03m# Eliminar la columnas categóricas[39;00m
[0;32m      3[0m [38;5;66;03m#Mapa de calor[39;00m

[1;31mNameError[0m: name 'df_price' is not defined

